<?xml version="1.0" encoding="UTF-8"?>
<!-- Generated by org.testng.reporters.JUnitXMLReporter -->
<testsuite hostname="Kunals-MacBook-Pro.local" ignored="0" name="Command line test" tests="9" failures="0" timestamp="2022-07-18T08:41:00 IST" time="2.326" errors="0">
  <testcase name="testGetRestPropertiesWithDefaults" time="0.012" classname="utils.RestApiPropertiesReaderTest"/>
  <testcase name="testGetRestPropertiesWithProperties" time="0.0" classname="utils.RestApiPropertiesReaderTest"/>
  <testcase name="testCallGetSuccess" time="1.383" classname="lib.impl.RestGetImplTest"/>
  <testcase name="testCallPostSuccess" time="0.89" classname="lib.impl.RestPostImplTest"/>
  <testcase name="testValidateRequestParam" time="0.0" classname="lib.po.validator.RequestValidatorTest"/>
  <testcase name="testValidateRestRequest" time="0.0" classname="lib.po.validator.RequestValidatorTest"/>
  <testcase name="testProcess" time="0.002" classname="main.ExecuteTest"/>
  <testcase name="testProcessFail" time="0.001" classname="main.ExecuteTest"/>
  <testcase name="testProcessWithPropsFile" time="0.001" classname="main.ExecuteTest"/>
</testsuite> <!-- Command line test -->
