<?xml version="1.0" encoding="UTF-8"?>
<testng-results skipped="0" failed="0" ignored="0" total="9" passed="9">
  <reporter-output>
  </reporter-output>
  <suite name="Command line suite" duration-ms="2930" started-at="2022-07-17T15:19:48 IST" finished-at="2022-07-17T15:19:51 IST">
    <groups>
    </groups>
    <test name="Command line test" duration-ms="2930" started-at="2022-07-17T15:19:48 IST" finished-at="2022-07-17T15:19:51 IST">
      <class name="lib.impl.RestGetImplTest">
        <test-method status="PASS" signature="testCallGetSuccess()[pri:0, instance:lib.impl.RestGetImplTest@5025a98f]" name="testCallGetSuccess" duration-ms="1454" started-at="2022-07-17T15:19:48 IST" finished-at="2022-07-17T15:19:49 IST">
          <reporter-output>
          </reporter-output>
        </test-method> <!-- testCallGetSuccess -->
      </class> <!-- lib.impl.RestGetImplTest -->
      <class name="utils.RestApiPropertiesReaderTest">
        <test-method status="PASS" signature="testGetRestPropertiesWithDefaults()[pri:0, instance:utils.RestApiPropertiesReaderTest@4566e5bd]" name="testGetRestPropertiesWithDefaults" duration-ms="7" started-at="2022-07-17T15:19:48 IST" finished-at="2022-07-17T15:19:48 IST">
          <reporter-output>
          </reporter-output>
        </test-method> <!-- testGetRestPropertiesWithDefaults -->
        <test-method status="PASS" signature="testGetRestPropertiesWithProperties()[pri:0, instance:utils.RestApiPropertiesReaderTest@4566e5bd]" name="testGetRestPropertiesWithProperties" duration-ms="0" started-at="2022-07-17T15:19:48 IST" finished-at="2022-07-17T15:19:48 IST">
          <reporter-output>
          </reporter-output>
        </test-method> <!-- testGetRestPropertiesWithProperties -->
      </class> <!-- utils.RestApiPropertiesReaderTest -->
      <class name="main.ExecuteTest">
        <test-method status="PASS" signature="setUp()[pri:0, instance:main.ExecuteTest@55d56113]" name="setUp" is-config="true" duration-ms="1" started-at="2022-07-17T15:19:51 IST" finished-at="2022-07-17T15:19:51 IST">
          <reporter-output>
          </reporter-output>
        </test-method> <!-- setUp -->
        <test-method status="PASS" signature="testProcess()[pri:0, instance:main.ExecuteTest@55d56113]" name="testProcess" duration-ms="1" started-at="2022-07-17T15:19:51 IST" finished-at="2022-07-17T15:19:51 IST">
          <reporter-output>
          </reporter-output>
        </test-method> <!-- testProcess -->
        <test-method status="PASS" signature="tearDown()[pri:0, instance:main.ExecuteTest@55d56113]" name="tearDown" is-config="true" duration-ms="0" started-at="2022-07-17T15:19:51 IST" finished-at="2022-07-17T15:19:51 IST">
          <reporter-output>
          </reporter-output>
        </test-method> <!-- tearDown -->
        <test-method status="PASS" signature="setUp()[pri:0, instance:main.ExecuteTest@55d56113]" name="setUp" is-config="true" duration-ms="1" started-at="2022-07-17T15:19:51 IST" finished-at="2022-07-17T15:19:51 IST">
          <reporter-output>
          </reporter-output>
        </test-method> <!-- setUp -->
        <test-method status="PASS" signature="setUp()[pri:0, instance:main.ExecuteTest@55d56113]" name="setUp" is-config="true" duration-ms="0" started-at="2022-07-17T15:19:51 IST" finished-at="2022-07-17T15:19:51 IST">
          <reporter-output>
          </reporter-output>
        </test-method> <!-- setUp -->
        <test-method status="PASS" signature="testProcessWithPropsFile()[pri:0, instance:main.ExecuteTest@55d56113]" name="testProcessWithPropsFile" duration-ms="1" started-at="2022-07-17T15:19:51 IST" finished-at="2022-07-17T15:19:51 IST">
          <reporter-output>
          </reporter-output>
        </test-method> <!-- testProcessWithPropsFile -->
        <test-method status="PASS" signature="testProcessFail()[pri:0, instance:main.ExecuteTest@55d56113]" name="testProcessFail" duration-ms="0" started-at="2022-07-17T15:19:51 IST" finished-at="2022-07-17T15:19:51 IST">
          <reporter-output>
          </reporter-output>
        </test-method> <!-- testProcessFail -->
        <test-method status="PASS" signature="tearDown()[pri:0, instance:main.ExecuteTest@55d56113]" name="tearDown" is-config="true" duration-ms="0" started-at="2022-07-17T15:19:51 IST" finished-at="2022-07-17T15:19:51 IST">
          <reporter-output>
          </reporter-output>
        </test-method> <!-- tearDown -->
        <test-method status="PASS" signature="tearDown()[pri:0, instance:main.ExecuteTest@55d56113]" name="tearDown" is-config="true" duration-ms="0" started-at="2022-07-17T15:19:51 IST" finished-at="2022-07-17T15:19:51 IST">
          <reporter-output>
          </reporter-output>
        </test-method> <!-- tearDown -->
      </class> <!-- main.ExecuteTest -->
      <class name="lib.po.validator.RequestValidatorTest">
        <test-method status="PASS" signature="testValidateRestRequest()[pri:0, instance:lib.po.validator.RequestValidatorTest@20322d26]" name="testValidateRestRequest" duration-ms="1" started-at="2022-07-17T15:19:51 IST" finished-at="2022-07-17T15:19:51 IST">
          <reporter-output>
          </reporter-output>
        </test-method> <!-- testValidateRestRequest -->
        <test-method status="PASS" signature="testValidateRequestParam()[pri:0, instance:lib.po.validator.RequestValidatorTest@20322d26]" name="testValidateRequestParam" duration-ms="0" started-at="2022-07-17T15:19:51 IST" finished-at="2022-07-17T15:19:51 IST">
          <reporter-output>
          </reporter-output>
        </test-method> <!-- testValidateRequestParam -->
      </class> <!-- lib.po.validator.RequestValidatorTest -->
      <class name="lib.impl.RestPostImplTest">
        <test-method status="PASS" signature="testCallPostSuccess()[pri:0, instance:lib.impl.RestPostImplTest@49993335]" name="testCallPostSuccess" duration-ms="1438" started-at="2022-07-17T15:19:49 IST" finished-at="2022-07-17T15:19:51 IST">
          <reporter-output>
          </reporter-output>
        </test-method> <!-- testCallPostSuccess -->
      </class> <!-- lib.impl.RestPostImplTest -->
    </test> <!-- Command line test -->
  </suite> <!-- Command line suite -->
</testng-results>
